[2025-04-16T12:45:42.027633+02:00] UserController.ERROR: HTTP/1.1 404 Not Found [] []
[2025-04-16T12:52:08.515815+02:00] UserController.INFO: updateScoreFromRequest: HTTP/1.1 200 OK [] []
[2025-04-16T13:16:28.120620+02:00] UserController.INFO: getUser: HTTP/1.1 200 OK [] []
[2025-04-16T13:16:34.022931+02:00] UserController.INFO: getAllUser: HTTP/1.1 200 OK [] []
[2025-04-16T13:17:22.171368+02:00] UserController.INFO: getAllUser: HTTP/1.1 200 OK [] []
[2025-04-16T13:35:29.435006+02:00] UserController.ERROR: getUser: HTTP/1.1 404 Not Found [] []
[2025-04-16T13:44:09.796511+02:00] UserController.INFO: getAllUser: HTTP/1.1 200 OK [] []
[2025-04-16T13:56:32.132552+02:00] UserController.INFO: getUserFromUsername: HTTP/1.1 200 OK [] []
[2025-04-16T15:38:04.410567+02:00] UserController.INFO: getUserFromUsername: HTTP/1.1 200 OK [] []
[2025-04-30T09:19:57.411915+02:00] UserController.INFO: getUserFromUsername: HTTP/1.1 200 OK [] []
[2025-04-30T09:20:17.915502+02:00] UserController.INFO: getUserFromUsername: HTTP/1.1 200 OK [] []
[2025-04-30T09:20:25.660948+02:00] UserController.INFO: getUserFromUsername: HTTP/1.1 200 OK [] []
[2025-04-30T09:31:12.601169+02:00] UserController.INFO: getUserFromUsername: HTTP/1.1 200 OK [] []
[2025-04-30T09:31:58.688704+02:00] UserController.INFO: getUserFromUsername: HTTP/1.1 200 OK [] []
[2025-04-30T09:32:25.516639+02:00] UserController.INFO: getUserFromUsername: HTTP/1.1 200 OK [] []
[2025-04-30T09:32:45.927549+02:00] UserController.INFO: getUserFromUsername: HTTP/1.1 200 OK [] []
[2025-04-30T09:36:57.260472+02:00] UserController.ERROR: HTTP/1.1 404 Not Found [] []
[2025-04-30T09:37:31.544163+02:00] UserController.ERROR: HTTP/1.1 404 Not Found [] []
[2025-04-30T09:37:47.110114+02:00] UserController.ERROR: HTTP/1.1 404 Not Found [] []
[2025-04-30T09:39:08.527029+02:00] UserController.ERROR: HTTP/1.1 404 Not Found [] []
[2025-04-30T10:09:16.389630+02:00] UserController.INFO: createFromRequest: HTTP/1.1 201 CREATED [] []
[2025-04-30T10:11:34.018076+02:00] UserController.ERROR: HTTP/1.1 404 Not Found [] []
[2025-04-30T11:24:45.495327+02:00] UserController.ERROR: HTTP/1.1 404 Not Found [] []
[2025-04-30T11:24:51.294992+02:00] UserController.ERROR: HTTP/1.1 404 Not Found [] []
[2025-04-30T13:33:12.617001+02:00] UserController.INFO: getUserFromUsername: HTTP/1.1 200 OK [] []
[2025-04-30T13:34:08.734946+02:00] UserController.INFO: getUserFromUsername: HTTP/1.1 200 OK [] []
[2025-04-30T13:38:46.015499+02:00] index.INFO: 1 [] []
[2025-04-30T13:38:46.016586+02:00] UserController.INFO: getUserFromUsername: HTTP/1.1 200 OK [] []
[2025-04-30T13:39:14.152067+02:00] index.INFO: username: 1 [] []
[2025-04-30T13:39:14.153150+02:00] UserController.INFO: getUserFromUsername: HTTP/1.1 200 OK [] []
[2025-04-30T13:41:27.355863+02:00] index.INFO: username id: 1 [] []
[2025-04-30T13:41:27.357606+02:00] UserController.INFO: getUserFromUsername: HTTP/1.1 200 OK [] []
[2025-04-30T13:42:00.477870+02:00] index.INFO: username: 1 [] []
[2025-04-30T13:42:00.479025+02:00] UserController.INFO: getUserFromUsername: HTTP/1.1 200 OK [] []
[2025-04-30T13:44:37.911078+02:00] index.INFO: username: 1 [] []
[2025-04-30T13:44:37.912233+02:00] UserController.INFO: getUserFromUsername: HTTP/1.1 200 OK [] []
[2025-04-30T13:44:49.231636+02:00] index.INFO: username: 1 [] []
[2025-04-30T13:44:49.232570+02:00] UserController.INFO: getUserFromUsername: HTTP/1.1 200 OK [] []
[2025-04-30T13:50:21.988878+02:00] index.INFO: user id: 1 [] []
[2025-04-30T13:50:21.990040+02:00] UserController.INFO: getUser: HTTP/1.1 200 OK [] []
[2025-04-30T13:50:37.138976+02:00] index.INFO: user id: 0 [] []
[2025-04-30T13:50:37.140083+02:00] UserController.INFO: getUserFromUsername: HTTP/1.1 200 OK [] []
[2025-04-30T13:52:15.225793+02:00] UserController.INFO: updateScoreFromRequest: HTTP/1.1 200 OK [] []
[2025-04-30T13:52:25.458526+02:00] UserController.INFO: getUser: HTTP/1.1 200 OK [] []
[2025-04-30T13:52:54.458214+02:00] UserController.INFO: updateScoreFromRequest: HTTP/1.1 200 OK [] []
[2025-04-30T13:53:05.740650+02:00] UserController.INFO: updateScoreFromRequest: HTTP/1.1 200 OK [] []
[2025-04-30T13:56:01.466332+02:00] UserController.INFO: updateScoreFromRequest: HTTP/1.1 200 OK [] []
[2025-04-30T13:57:02.604383+02:00] UserController.INFO: updateScoreFromRequest: HTTP/1.1 200 OK [] []
[2025-04-30T13:57:10.810135+02:00] UserController.INFO: updateScoreFromRequest: HTTP/1.1 200 OK [] []
[2025-04-30T14:34:16.759304+02:00] UserController.INFO: createFromRequest: HTTP/1.1 201 CREATED [] []
[2025-04-30T14:38:26.069619+02:00] UserController.INFO: createFromRequest: HTTP/1.1 201 CREATED [] []
[2025-04-30T14:44:32.424678+02:00] UserController.INFO: getUser: HTTP/1.1 200 OK [] []
[2025-04-30T14:45:49.537947+02:00] UserController.INFO: getUserFromUsername: HTTP/1.1 200 OK [] []
