[2025-04-16T13:06:20.494940+02:00] validator.WARNING: checkNumber: Type is not a number [] []
<<<<<<< Updated upstream:5_Applicativo/leaderboard/application/logs/errorLog.log
=======
[2025-04-25T18:14:20.333159+02:00] validator.WARNING: checkNumber: Type is not a number [] []
[2025-04-25T18:14:24.944872+02:00] validator.WARNING: checkNumber: Type is not a number [] []
[2025-04-25T18:14:27.550897+02:00] validator.WARNING: checkNumber: Type is not a number [] []
[2025-04-25T18:14:42.580957+02:00] validator.WARNING: checkNumber: Type is not a number [] []
[2025-04-25T18:14:45.002830+02:00] validator.WARNING: checkNumber: Type is not a number [] []
[2025-04-25T18:14:45.174566+02:00] validator.WARNING: checkNumber: Type is not a number [] []
[2025-04-25T18:14:45.340767+02:00] validator.WARNING: checkNumber: Type is not a number [] []
[2025-04-25T18:14:45.530549+02:00] validator.WARNING: checkNumber: Type is not a number [] []
[2025-04-25T18:14:45.715763+02:00] validator.WARNING: checkNumber: Type is not a number [] []
[2025-04-25T18:14:45.924406+02:00] validator.WARNING: checkNumber: Type is not a number [] []
[2025-04-25T18:14:46.139795+02:00] validator.WARNING: checkNumber: Type is not a number [] []
[2025-04-25T18:14:46.348155+02:00] validator.WARNING: checkNumber: Type is not a number [] []
[2025-04-25T18:14:46.580595+02:00] validator.WARNING: checkNumber: Type is not a number [] []
[2025-04-25T18:14:46.802641+02:00] validator.WARNING: checkNumber: Type is not a number [] []
[2025-04-25T18:14:47.028861+02:00] validator.WARNING: checkNumber: Type is not a number [] []
[2025-04-25T18:14:47.244927+02:00] validator.WARNING: checkNumber: Type is not a number [] []
[2025-04-25T18:14:47.483108+02:00] validator.WARNING: checkNumber: Type is not a number [] []
[2025-04-25T18:14:47.702971+02:00] validator.WARNING: checkNumber: Type is not a number [] []
[2025-04-25T18:14:47.966525+02:00] validator.WARNING: checkNumber: Type is not a number [] []
[2025-04-25T18:14:53.881216+02:00] validator.WARNING: checkNumber: Type is not a number [] []
[2025-04-25T18:14:58.530567+02:00] validator.WARNING: checkNumber: Type is not a number [] []
[2025-04-25T18:14:58.703255+02:00] validator.WARNING: checkNumber: Type is not a number [] []
[2025-04-25T18:14:58.855974+02:00] validator.WARNING: checkNumber: Type is not a number [] []
[2025-04-25T18:14:58.996195+02:00] validator.WARNING: checkNumber: Type is not a number [] []
[2025-04-25T18:14:59.112642+02:00] validator.WARNING: checkNumber: Type is not a number [] []
[2025-04-25T18:14:59.464016+02:00] validator.WARNING: checkNumber: Type is not a number [] []
[2025-04-25T18:14:59.599605+02:00] validator.WARNING: checkNumber: Type is not a number [] []
[2025-04-25T18:14:59.745108+02:00] validator.WARNING: checkNumber: Type is not a number [] []
[2025-04-25T18:14:59.891726+02:00] validator.WARNING: checkNumber: Type is not a number [] []
[2025-04-25T18:15:00.037344+02:00] validator.WARNING: checkNumber: Type is not a number [] []
[2025-04-25T18:15:00.154872+02:00] validator.WARNING: checkNumber: Type is not a number [] []
[2025-04-25T18:15:00.294822+02:00] validator.WARNING: checkNumber: Type is not a number [] []
[2025-04-25T18:15:00.420080+02:00] validator.WARNING: checkNumber: Type is not a number [] []
[2025-04-25T18:15:00.531215+02:00] validator.WARNING: checkNumber: Type is not a number [] []
[2025-04-25T18:15:00.662975+02:00] validator.WARNING: checkNumber: Type is not a number [] []
[2025-04-25T18:15:00.788375+02:00] validator.WARNING: checkNumber: Type is not a number [] []
[2025-04-25T18:15:00.913398+02:00] validator.WARNING: checkNumber: Type is not a number [] []
[2025-04-25T18:15:01.038376+02:00] validator.WARNING: checkNumber: Type is not a number [] []
[2025-04-25T18:15:01.155418+02:00] validator.WARNING: checkNumber: Type is not a number [] []
[2025-04-30T09:09:20.887047+02:00] validator.WARNING: checkNumber: Type is not a number [] []
>>>>>>> Stashed changes:5_Applicativo/leaderboard/application/logs/log.log
[2025-05-07T08:30:28.464555+02:00] leaderboardController.WARNING: Add [userId1] to fillable property to allow mass assignment on [Friend]. [] []
[2025-05-07T08:32:14.779307+02:00] leaderboardController.INFO: friend created with attribute userId1:  userId2:  pending:  [] []
[2025-05-07T08:33:55.357313+02:00] leaderboardController.WARNING: SQLSTATE[42S22]: Column not found: 1054 Unknown column 'updated_at' in 'field list' (Connection: default, SQL: insert into `friend` (`userId1`, `userId2`, `pending`, `updated_at`, `created_at`) values (1, 15, 1, 2025-05-07 08:33:55, 2025-05-07 08:33:55)) [] []
[2025-05-07T08:37:01.951725+02:00] leaderboardController.WARNING: SQLSTATE[42S22]: Column not found: 1054 Unknown column 'updated_at' in 'field list' (Connection: default, SQL: insert into `friend` (`userId1`, `userId2`, `pending`, `updated_at`, `created_at`) values (1, 15, 1, 2025-05-07 08:37:01, 2025-05-07 08:37:01)) [] []
[2025-05-07T08:38:40.683074+02:00] leaderboardController.INFO: friend created with attribute userId1: 1 userId2: 1 pending: 1 [] []
[2025-05-07T08:46:07.821855+02:00] leaderboardController.INFO: friend created with attribute userId1: 1 userId2: 1 pending: 1 [] []
[2025-05-07T12:35:41.157704+02:00] leaderboardController.WARNING: SQLSTATE[23000]: Integrity constraint violation: 1062 Duplicate entry '1-21' for key 'PRIMARY' (Connection: default, SQL: insert into `friend` (`userId1`, `userId2`, `pending`) values (1, 21, 1)) [] []
[2025-05-07T13:21:21.800942+02:00] notify.INFO: friend created with attribute userId1: 1 userId2: 1 pending: 1 [] []
